/home/ivan/p2_kl_ilv/install/p2_kf_ilv/lib/python3.10/site-packages/p2_kf_ilv/kf_estimation_vel.py
/home/ivan/p2_kl_ilv/install/p2_kf_ilv/lib/python3.10/site-packages/p2_kf_ilv/kf_estimation.py
/home/ivan/p2_kl_ilv/install/p2_kf_ilv/lib/python3.10/site-packages/p2_kf_ilv/sensor_utils.py
/home/ivan/p2_kl_ilv/install/p2_kf_ilv/lib/python3.10/site-packages/p2_kf_ilv/motion_models.py
/home/ivan/p2_kl_ilv/install/p2_kf_ilv/lib/python3.10/site-packages/p2_kf_ilv/__init__.py
/home/ivan/p2_kl_ilv/install/p2_kf_ilv/lib/python3.10/site-packages/p2_kf_ilv/visualization.py
/home/ivan/p2_kl_ilv/install/p2_kf_ilv/lib/python3.10/site-packages/p2_kf_ilv/observation_models.py
/home/ivan/p2_kl_ilv/install/p2_kf_ilv/lib/python3.10/site-packages/p2_kf_ilv/filters/__init__.py
/home/ivan/p2_kl_ilv/install/p2_kf_ilv/lib/python3.10/site-packages/p2_kf_ilv/filters/kalman_filter.py
/home/ivan/p2_kl_ilv/install/p2_kf_ilv/lib/python3.10/site-packages/p2_kf_ilv/__pycache__/kf_estimation_vel.cpython-310.pyc
/home/ivan/p2_kl_ilv/install/p2_kf_ilv/lib/python3.10/site-packages/p2_kf_ilv/__pycache__/kf_estimation.cpython-310.pyc
/home/ivan/p2_kl_ilv/install/p2_kf_ilv/lib/python3.10/site-packages/p2_kf_ilv/__pycache__/sensor_utils.cpython-310.pyc
/home/ivan/p2_kl_ilv/install/p2_kf_ilv/lib/python3.10/site-packages/p2_kf_ilv/__pycache__/motion_models.cpython-310.pyc
/home/ivan/p2_kl_ilv/install/p2_kf_ilv/lib/python3.10/site-packages/p2_kf_ilv/__pycache__/__init__.cpython-310.pyc
/home/ivan/p2_kl_ilv/install/p2_kf_ilv/lib/python3.10/site-packages/p2_kf_ilv/__pycache__/visualization.cpython-310.pyc
/home/ivan/p2_kl_ilv/install/p2_kf_ilv/lib/python3.10/site-packages/p2_kf_ilv/__pycache__/observation_models.cpython-310.pyc
/home/ivan/p2_kl_ilv/install/p2_kf_ilv/lib/python3.10/site-packages/p2_kf_ilv/filters/__pycache__/__init__.cpython-310.pyc
/home/ivan/p2_kl_ilv/install/p2_kf_ilv/lib/python3.10/site-packages/p2_kf_ilv/filters/__pycache__/kalman_filter.cpython-310.pyc
/home/ivan/p2_kl_ilv/install/p2_kf_ilv/share/ament_index/resource_index/packages/p2_kf_ilv
/home/ivan/p2_kl_ilv/install/p2_kf_ilv/share/p2_kf_ilv/package.xml
/home/ivan/p2_kl_ilv/install/p2_kf_ilv/lib/python3.10/site-packages/p2_kf_ilv-0.0.0-py3.10.egg-info/top_level.txt
/home/ivan/p2_kl_ilv/install/p2_kf_ilv/lib/python3.10/site-packages/p2_kf_ilv-0.0.0-py3.10.egg-info/entry_points.txt
/home/ivan/p2_kl_ilv/install/p2_kf_ilv/lib/python3.10/site-packages/p2_kf_ilv-0.0.0-py3.10.egg-info/PKG-INFO
/home/ivan/p2_kl_ilv/install/p2_kf_ilv/lib/python3.10/site-packages/p2_kf_ilv-0.0.0-py3.10.egg-info/dependency_links.txt
/home/ivan/p2_kl_ilv/install/p2_kf_ilv/lib/python3.10/site-packages/p2_kf_ilv-0.0.0-py3.10.egg-info/requires.txt
/home/ivan/p2_kl_ilv/install/p2_kf_ilv/lib/python3.10/site-packages/p2_kf_ilv-0.0.0-py3.10.egg-info/zip-safe
/home/ivan/p2_kl_ilv/install/p2_kf_ilv/lib/python3.10/site-packages/p2_kf_ilv-0.0.0-py3.10.egg-info/SOURCES.txt
/home/ivan/p2_kl_ilv/install/p2_kf_ilv/lib/p2_kf_ilv/kf_estimation
/home/ivan/p2_kl_ilv/install/p2_kf_ilv/lib/p2_kf_ilv/kf_estimation_vel
