running egg_info
writing build/p2_kf_ilv/p2_kf_ilv.egg-info/PKG-INFO
writing dependency_links to build/p2_kf_ilv/p2_kf_ilv.egg-info/dependency_links.txt
writing entry points to build/p2_kf_ilv/p2_kf_ilv.egg-info/entry_points.txt
writing requirements to build/p2_kf_ilv/p2_kf_ilv.egg-info/requires.txt
writing top-level names to build/p2_kf_ilv/p2_kf_ilv.egg-info/top_level.txt
reading manifest file 'build/p2_kf_ilv/p2_kf_ilv.egg-info/SOURCES.txt'
writing manifest file 'build/p2_kf_ilv/p2_kf_ilv.egg-info/SOURCES.txt'
running build
running build_py
running install
running install_lib
running install_data
running install_egg_info
removing '/home/ivan/p2_kl_ilv/install/p2_kf_ilv/lib/python3.10/site-packages/p2_kf_ilv-0.0.0-py3.10.egg-info' (and everything under it)
Copying build/p2_kf_ilv/p2_kf_ilv.egg-info to /home/ivan/p2_kl_ilv/install/p2_kf_ilv/lib/python3.10/site-packages/p2_kf_ilv-0.0.0-py3.10.egg-info
running install_scripts
Installing kf_estimation script to /home/ivan/p2_kl_ilv/install/p2_kf_ilv/lib/p2_kf_ilv
Installing kf_estimation_vel script to /home/ivan/p2_kl_ilv/install/p2_kf_ilv/lib/p2_kf_ilv
writing list of installed files to '/home/ivan/p2_kl_ilv/build/p2_kf_ilv/install.log'
