[0.229s] DEBUG:colcon:Command line arguments: ['/usr/bin/colcon', 'build', '--packages-select', 'p2_kf_ilv']
[0.229s] DEBUG:colcon:Parsed command line arguments: Namespace(log_base=None, log_level=None, verb_name='build', build_base='build', install_base='install', merge_install=False, symlink_install=False, test_result_base=None, continue_on_error=False, executor='parallel', parallel_workers=16, event_handlers=None, ignore_user_meta=False, metas=['./colcon.meta'], base_paths=['.'], packages_ignore=None, packages_ignore_regex=None, paths=None, packages_up_to=None, packages_up_to_regex=None, packages_above=None, packages_above_and_dependencies=None, packages_above_depth=None, packages_select_by_dep=None, packages_skip_by_dep=None, packages_skip_up_to=None, packages_select_build_failed=False, packages_skip_build_finished=False, packages_select_test_failures=False, packages_skip_test_passed=False, packages_select=['p2_kf_ilv'], packages_skip=None, packages_select_regex=None, packages_skip_regex=None, packages_start=None, packages_end=None, allow_overriding=[], cmake_args=None, cmake_target=None, cmake_target_skip_unavailable=False, cmake_clean_cache=False, cmake_clean_first=False, cmake_force_configure=False, ament_cmake_args=None, catkin_cmake_args=None, catkin_skip_building_tests=False, mixin_files=None, mixin=None, verb_parser=<colcon_mixin.mixin.mixin_argument.MixinArgumentDecorator object at 0x7d53acfca6b0>, verb_extension=<colcon_core.verb.build.BuildVerb object at 0x7d53ad15b640>, main=<bound method BuildVerb.main of <colcon_core.verb.build.BuildVerb object at 0x7d53ad15b640>>, mixin_verb=('build',))
[0.544s] Level 1:colcon.colcon_core.package_discovery:discover_packages(colcon_meta) check parameters
[0.545s] Level 1:colcon.colcon_core.package_discovery:discover_packages(recursive) check parameters
[0.545s] Level 1:colcon.colcon_core.package_discovery:discover_packages(ignore) check parameters
[0.545s] Level 1:colcon.colcon_core.package_discovery:discover_packages(path) check parameters
[0.545s] Level 1:colcon.colcon_core.package_discovery:discover_packages(colcon_meta) discover
[0.545s] Level 1:colcon.colcon_core.package_discovery:discover_packages(recursive) discover
[0.545s] INFO:colcon.colcon_core.package_discovery:Crawling recursively for packages in '/home/ivan/p2_kl_ilv'
[0.545s] Level 1:colcon.colcon_core.package_identification:_identify(.) by extensions ['ignore', 'ignore_ament_install']
[0.546s] Level 1:colcon.colcon_core.package_identification:_identify(.) by extension 'ignore'
[0.546s] Level 1:colcon.colcon_core.package_identification:_identify(.) by extension 'ignore_ament_install'
[0.546s] Level 1:colcon.colcon_core.package_identification:_identify(.) by extensions ['colcon_pkg']
[0.546s] Level 1:colcon.colcon_core.package_identification:_identify(.) by extension 'colcon_pkg'
[0.546s] Level 1:colcon.colcon_core.package_identification:_identify(.) by extensions ['colcon_meta']
[0.546s] Level 1:colcon.colcon_core.package_identification:_identify(.) by extension 'colcon_meta'
[0.546s] Level 1:colcon.colcon_core.package_identification:_identify(.) by extensions ['ros']
[0.546s] Level 1:colcon.colcon_core.package_identification:_identify(.) by extension 'ros'
[0.572s] DEBUG:colcon.colcon_core.package_identification:Package '.' with type 'ros.ament_python' and name 'p2_kf_ilv'
[0.573s] Level 1:colcon.colcon_core.package_discovery:discover_packages(recursive) using defaults
[0.573s] Level 1:colcon.colcon_core.package_discovery:discover_packages(ignore) discover
[0.573s] Level 1:colcon.colcon_core.package_discovery:discover_packages(ignore) using defaults
[0.573s] Level 1:colcon.colcon_core.package_discovery:discover_packages(path) discover
[0.573s] Level 1:colcon.colcon_core.package_discovery:discover_packages(path) using defaults
[0.628s] Level 1:colcon.colcon_core.package_discovery:discover_packages(prefix_path) check parameters
[0.628s] Level 1:colcon.colcon_core.package_discovery:discover_packages(prefix_path) discover
[0.635s] DEBUG:colcon.colcon_installed_package_information.package_discovery:Found 392 installed packages in /opt/ros/humble
[0.639s] Level 1:colcon.colcon_core.package_discovery:discover_packages(prefix_path) using defaults
[0.728s] Level 5:colcon.colcon_core.verb:set package 'p2_kf_ilv' build argument 'cmake_args' from command line to 'None'
[0.728s] Level 5:colcon.colcon_core.verb:set package 'p2_kf_ilv' build argument 'cmake_target' from command line to 'None'
[0.728s] Level 5:colcon.colcon_core.verb:set package 'p2_kf_ilv' build argument 'cmake_target_skip_unavailable' from command line to 'False'
[0.728s] Level 5:colcon.colcon_core.verb:set package 'p2_kf_ilv' build argument 'cmake_clean_cache' from command line to 'False'
[0.729s] Level 5:colcon.colcon_core.verb:set package 'p2_kf_ilv' build argument 'cmake_clean_first' from command line to 'False'
[0.729s] Level 5:colcon.colcon_core.verb:set package 'p2_kf_ilv' build argument 'cmake_force_configure' from command line to 'False'
[0.729s] Level 5:colcon.colcon_core.verb:set package 'p2_kf_ilv' build argument 'ament_cmake_args' from command line to 'None'
[0.729s] Level 5:colcon.colcon_core.verb:set package 'p2_kf_ilv' build argument 'catkin_cmake_args' from command line to 'None'
[0.729s] Level 5:colcon.colcon_core.verb:set package 'p2_kf_ilv' build argument 'catkin_skip_building_tests' from command line to 'False'
[0.729s] DEBUG:colcon.colcon_core.verb:Building package 'p2_kf_ilv' with the following arguments: {'ament_cmake_args': None, 'build_base': '/home/ivan/p2_kl_ilv/build/p2_kf_ilv', 'catkin_cmake_args': None, 'catkin_skip_building_tests': False, 'cmake_args': None, 'cmake_clean_cache': False, 'cmake_clean_first': False, 'cmake_force_configure': False, 'cmake_target': None, 'cmake_target_skip_unavailable': False, 'install_base': '/home/ivan/p2_kl_ilv/install/p2_kf_ilv', 'merge_install': False, 'path': '/home/ivan/p2_kl_ilv', 'symlink_install': False, 'test_result_base': None}
[0.729s] INFO:colcon.colcon_core.executor:Executing jobs using 'parallel' executor
[0.731s] DEBUG:colcon.colcon_parallel_executor.executor.parallel:run_until_complete
[0.732s] INFO:colcon.colcon_ros.task.ament_python.build:Building ROS package in '/home/ivan/p2_kl_ilv' with build type 'ament_python'
[0.732s] Level 1:colcon.colcon_core.shell:create_environment_hook('p2_kf_ilv', 'ament_prefix_path')
[0.736s] INFO:colcon.colcon_core.plugin_system:Skipping extension 'colcon_core.shell.bat': Not used on non-Windows systems
[0.736s] INFO:colcon.colcon_core.shell:Creating environment hook '/home/ivan/p2_kl_ilv/install/p2_kf_ilv/share/p2_kf_ilv/hook/ament_prefix_path.ps1'
[0.738s] INFO:colcon.colcon_core.shell:Creating environment descriptor '/home/ivan/p2_kl_ilv/install/p2_kf_ilv/share/p2_kf_ilv/hook/ament_prefix_path.dsv'
[0.739s] INFO:colcon.colcon_core.shell:Creating environment hook '/home/ivan/p2_kl_ilv/install/p2_kf_ilv/share/p2_kf_ilv/hook/ament_prefix_path.sh'
[0.740s] INFO:colcon.colcon_core.shell:Skip shell extension 'powershell' for command environment: Not usable outside of PowerShell
[0.740s] DEBUG:colcon.colcon_core.shell:Skip shell extension 'dsv' for command environment
[1.274s] INFO:colcon.colcon_core.task.python.build:Building Python package in '/home/ivan/p2_kl_ilv'
[1.275s] INFO:colcon.colcon_core.shell:Skip shell extension 'powershell' for command environment: Not usable outside of PowerShell
[1.275s] DEBUG:colcon.colcon_core.shell:Skip shell extension 'dsv' for command environment
[1.949s] DEBUG:colcon.colcon_core.event_handler.log_command:Invoking command in '/home/ivan/p2_kl_ilv': PYTHONPATH=/home/ivan/p2_kl_ilv/build/p2_kf_ilv/prefix_override:/usr/lib/python3/dist-packages/colcon_core/task/python/colcon_distutils_commands:/home/ivan/p2_kl_ilv/install/p2_kf_ilv/lib/python3.10/site-packages:${PYTHONPATH} /usr/bin/python3 -W ignore:setup.py install is deprecated -W ignore:easy_install command is deprecated setup.py egg_info --egg-base build/p2_kf_ilv build --build-base /home/ivan/p2_kl_ilv/build/p2_kf_ilv/build install --record /home/ivan/p2_kl_ilv/build/p2_kf_ilv/install.log --single-version-externally-managed install_data
[2.539s] DEBUG:colcon.colcon_core.event_handler.log_command:Invoked command in '/home/ivan/p2_kl_ilv' returned '0': PYTHONPATH=/home/ivan/p2_kl_ilv/build/p2_kf_ilv/prefix_override:/usr/lib/python3/dist-packages/colcon_core/task/python/colcon_distutils_commands:/home/ivan/p2_kl_ilv/install/p2_kf_ilv/lib/python3.10/site-packages:${PYTHONPATH} /usr/bin/python3 -W ignore:setup.py install is deprecated -W ignore:easy_install command is deprecated setup.py egg_info --egg-base build/p2_kf_ilv build --build-base /home/ivan/p2_kl_ilv/build/p2_kf_ilv/build install --record /home/ivan/p2_kl_ilv/build/p2_kf_ilv/install.log --single-version-externally-managed install_data
[2.543s] Level 1:colcon.colcon_core.environment:checking '/home/ivan/p2_kl_ilv/install/p2_kf_ilv' for CMake module files
[2.543s] Level 1:colcon.colcon_core.environment:checking '/home/ivan/p2_kl_ilv/install/p2_kf_ilv' for CMake config files
[2.545s] Level 1:colcon.colcon_core.environment:checking '/home/ivan/p2_kl_ilv/install/p2_kf_ilv/lib'
[2.545s] Level 1:colcon.colcon_core.environment:checking '/home/ivan/p2_kl_ilv/install/p2_kf_ilv/bin'
[2.545s] Level 1:colcon.colcon_core.environment:checking '/home/ivan/p2_kl_ilv/install/p2_kf_ilv/lib/pkgconfig/p2_kf_ilv.pc'
[2.546s] Level 1:colcon.colcon_core.environment:checking '/home/ivan/p2_kl_ilv/install/p2_kf_ilv/lib/python3.10/site-packages'
[2.546s] Level 1:colcon.colcon_core.shell:create_environment_hook('p2_kf_ilv', 'pythonpath')
[2.546s] INFO:colcon.colcon_core.shell:Creating environment hook '/home/ivan/p2_kl_ilv/install/p2_kf_ilv/share/p2_kf_ilv/hook/pythonpath.ps1'
[2.548s] INFO:colcon.colcon_core.shell:Creating environment descriptor '/home/ivan/p2_kl_ilv/install/p2_kf_ilv/share/p2_kf_ilv/hook/pythonpath.dsv'
[2.548s] INFO:colcon.colcon_core.shell:Creating environment hook '/home/ivan/p2_kl_ilv/install/p2_kf_ilv/share/p2_kf_ilv/hook/pythonpath.sh'
[2.549s] Level 1:colcon.colcon_core.environment:checking '/home/ivan/p2_kl_ilv/install/p2_kf_ilv/bin'
[2.549s] Level 1:colcon.colcon_core.environment:create_environment_scripts_only(p2_kf_ilv)
[2.549s] INFO:colcon.colcon_core.shell:Creating package script '/home/ivan/p2_kl_ilv/install/p2_kf_ilv/share/p2_kf_ilv/package.ps1'
[2.550s] INFO:colcon.colcon_core.shell:Creating package descriptor '/home/ivan/p2_kl_ilv/install/p2_kf_ilv/share/p2_kf_ilv/package.dsv'
[2.551s] INFO:colcon.colcon_core.shell:Creating package script '/home/ivan/p2_kl_ilv/install/p2_kf_ilv/share/p2_kf_ilv/package.sh'
[2.551s] INFO:colcon.colcon_core.shell:Creating package script '/home/ivan/p2_kl_ilv/install/p2_kf_ilv/share/p2_kf_ilv/package.bash'
[2.552s] INFO:colcon.colcon_core.shell:Creating package script '/home/ivan/p2_kl_ilv/install/p2_kf_ilv/share/p2_kf_ilv/package.zsh'
[2.553s] Level 1:colcon.colcon_core.environment:create_file_with_runtime_dependencies(/home/ivan/p2_kl_ilv/install/p2_kf_ilv/share/colcon-core/packages/p2_kf_ilv)
[2.554s] DEBUG:colcon.colcon_parallel_executor.executor.parallel:closing loop
[2.554s] DEBUG:colcon.colcon_parallel_executor.executor.parallel:loop closed
[2.554s] DEBUG:colcon.colcon_parallel_executor.executor.parallel:run_until_complete finished with '0'
[2.555s] DEBUG:colcon.colcon_core.event_reactor:joining thread
[2.563s] INFO:colcon.colcon_core.plugin_system:Skipping extension 'colcon_notification.desktop_notification.terminal_notifier': Not used on non-Darwin systems
[2.563s] INFO:colcon.colcon_core.plugin_system:Skipping extension 'colcon_notification.desktop_notification.win32': Not used on non-Windows systems
[2.563s] INFO:colcon.colcon_notification.desktop_notification:Sending desktop notification using 'notify2'
[2.589s] DEBUG:colcon.colcon_core.event_reactor:joined thread
[2.590s] INFO:colcon.colcon_core.shell:Creating prefix script '/home/ivan/p2_kl_ilv/install/local_setup.ps1'
[2.592s] INFO:colcon.colcon_core.shell:Creating prefix util module '/home/ivan/p2_kl_ilv/install/_local_setup_util_ps1.py'
[2.595s] INFO:colcon.colcon_core.shell:Creating prefix chain script '/home/ivan/p2_kl_ilv/install/setup.ps1'
[2.598s] INFO:colcon.colcon_core.shell:Creating prefix script '/home/ivan/p2_kl_ilv/install/local_setup.sh'
[2.599s] INFO:colcon.colcon_core.shell:Creating prefix util module '/home/ivan/p2_kl_ilv/install/_local_setup_util_sh.py'
[2.600s] INFO:colcon.colcon_core.shell:Creating prefix chain script '/home/ivan/p2_kl_ilv/install/setup.sh'
[2.603s] INFO:colcon.colcon_core.shell:Creating prefix script '/home/ivan/p2_kl_ilv/install/local_setup.bash'
[2.604s] INFO:colcon.colcon_core.shell:Creating prefix chain script '/home/ivan/p2_kl_ilv/install/setup.bash'
[2.606s] INFO:colcon.colcon_core.shell:Creating prefix script '/home/ivan/p2_kl_ilv/install/local_setup.zsh'
[2.606s] INFO:colcon.colcon_core.shell:Creating prefix chain script '/home/ivan/p2_kl_ilv/install/setup.zsh'
