running egg_info
creating build/p2_kf_ilv/p2_kf_ilv.egg-info
writing build/p2_kf_ilv/p2_kf_ilv.egg-info/PKG-INFO
writing dependency_links to build/p2_kf_ilv/p2_kf_ilv.egg-info/dependency_links.txt
writing entry points to build/p2_kf_ilv/p2_kf_ilv.egg-info/entry_points.txt
writing requirements to build/p2_kf_ilv/p2_kf_ilv.egg-info/requires.txt
writing top-level names to build/p2_kf_ilv/p2_kf_ilv.egg-info/top_level.txt
writing manifest file 'build/p2_kf_ilv/p2_kf_ilv.egg-info/SOURCES.txt'
reading manifest file 'build/p2_kf_ilv/p2_kf_ilv.egg-info/SOURCES.txt'
writing manifest file 'build/p2_kf_ilv/p2_kf_ilv.egg-info/SOURCES.txt'
running build
running build_py
creating /home/ivan/p2_kl_ilv/build/p2_kf_ilv/build
creating /home/ivan/p2_kl_ilv/build/p2_kf_ilv/build/lib
creating /home/ivan/p2_kl_ilv/build/p2_kf_ilv/build/lib/p2_kf_ilv
copying p2_kf_ilv/kf_estimation_vel.py -> /home/ivan/p2_kl_ilv/build/p2_kf_ilv/build/lib/p2_kf_ilv
copying p2_kf_ilv/kf_estimation.py -> /home/ivan/p2_kl_ilv/build/p2_kf_ilv/build/lib/p2_kf_ilv
copying p2_kf_ilv/sensor_utils.py -> /home/ivan/p2_kl_ilv/build/p2_kf_ilv/build/lib/p2_kf_ilv
copying p2_kf_ilv/motion_models.py -> /home/ivan/p2_kl_ilv/build/p2_kf_ilv/build/lib/p2_kf_ilv
copying p2_kf_ilv/__init__.py -> /home/ivan/p2_kl_ilv/build/p2_kf_ilv/build/lib/p2_kf_ilv
copying p2_kf_ilv/visualization.py -> /home/ivan/p2_kl_ilv/build/p2_kf_ilv/build/lib/p2_kf_ilv
copying p2_kf_ilv/observation_models.py -> /home/ivan/p2_kl_ilv/build/p2_kf_ilv/build/lib/p2_kf_ilv
creating /home/ivan/p2_kl_ilv/build/p2_kf_ilv/build/lib/p2_kf_ilv/filters
copying p2_kf_ilv/filters/__init__.py -> /home/ivan/p2_kl_ilv/build/p2_kf_ilv/build/lib/p2_kf_ilv/filters
copying p2_kf_ilv/filters/kalman_filter.py -> /home/ivan/p2_kl_ilv/build/p2_kf_ilv/build/lib/p2_kf_ilv/filters
running install
running install_lib
creating /home/ivan/p2_kl_ilv/install/p2_kf_ilv/lib/python3.10/site-packages/p2_kf_ilv
copying /home/ivan/p2_kl_ilv/build/p2_kf_ilv/build/lib/p2_kf_ilv/kf_estimation_vel.py -> /home/ivan/p2_kl_ilv/install/p2_kf_ilv/lib/python3.10/site-packages/p2_kf_ilv
creating /home/ivan/p2_kl_ilv/install/p2_kf_ilv/lib/python3.10/site-packages/p2_kf_ilv/filters
copying /home/ivan/p2_kl_ilv/build/p2_kf_ilv/build/lib/p2_kf_ilv/filters/__init__.py -> /home/ivan/p2_kl_ilv/install/p2_kf_ilv/lib/python3.10/site-packages/p2_kf_ilv/filters
copying /home/ivan/p2_kl_ilv/build/p2_kf_ilv/build/lib/p2_kf_ilv/filters/kalman_filter.py -> /home/ivan/p2_kl_ilv/install/p2_kf_ilv/lib/python3.10/site-packages/p2_kf_ilv/filters
copying /home/ivan/p2_kl_ilv/build/p2_kf_ilv/build/lib/p2_kf_ilv/kf_estimation.py -> /home/ivan/p2_kl_ilv/install/p2_kf_ilv/lib/python3.10/site-packages/p2_kf_ilv
copying /home/ivan/p2_kl_ilv/build/p2_kf_ilv/build/lib/p2_kf_ilv/sensor_utils.py -> /home/ivan/p2_kl_ilv/install/p2_kf_ilv/lib/python3.10/site-packages/p2_kf_ilv
copying /home/ivan/p2_kl_ilv/build/p2_kf_ilv/build/lib/p2_kf_ilv/motion_models.py -> /home/ivan/p2_kl_ilv/install/p2_kf_ilv/lib/python3.10/site-packages/p2_kf_ilv
copying /home/ivan/p2_kl_ilv/build/p2_kf_ilv/build/lib/p2_kf_ilv/__init__.py -> /home/ivan/p2_kl_ilv/install/p2_kf_ilv/lib/python3.10/site-packages/p2_kf_ilv
copying /home/ivan/p2_kl_ilv/build/p2_kf_ilv/build/lib/p2_kf_ilv/visualization.py -> /home/ivan/p2_kl_ilv/install/p2_kf_ilv/lib/python3.10/site-packages/p2_kf_ilv
copying /home/ivan/p2_kl_ilv/build/p2_kf_ilv/build/lib/p2_kf_ilv/observation_models.py -> /home/ivan/p2_kl_ilv/install/p2_kf_ilv/lib/python3.10/site-packages/p2_kf_ilv
byte-compiling /home/ivan/p2_kl_ilv/install/p2_kf_ilv/lib/python3.10/site-packages/p2_kf_ilv/kf_estimation_vel.py to kf_estimation_vel.cpython-310.pyc
byte-compiling /home/ivan/p2_kl_ilv/install/p2_kf_ilv/lib/python3.10/site-packages/p2_kf_ilv/filters/__init__.py to __init__.cpython-310.pyc
byte-compiling /home/ivan/p2_kl_ilv/install/p2_kf_ilv/lib/python3.10/site-packages/p2_kf_ilv/filters/kalman_filter.py to kalman_filter.cpython-310.pyc
byte-compiling /home/ivan/p2_kl_ilv/install/p2_kf_ilv/lib/python3.10/site-packages/p2_kf_ilv/kf_estimation.py to kf_estimation.cpython-310.pyc
byte-compiling /home/ivan/p2_kl_ilv/install/p2_kf_ilv/lib/python3.10/site-packages/p2_kf_ilv/sensor_utils.py to sensor_utils.cpython-310.pyc
byte-compiling /home/ivan/p2_kl_ilv/install/p2_kf_ilv/lib/python3.10/site-packages/p2_kf_ilv/motion_models.py to motion_models.cpython-310.pyc
byte-compiling /home/ivan/p2_kl_ilv/install/p2_kf_ilv/lib/python3.10/site-packages/p2_kf_ilv/__init__.py to __init__.cpython-310.pyc
byte-compiling /home/ivan/p2_kl_ilv/install/p2_kf_ilv/lib/python3.10/site-packages/p2_kf_ilv/visualization.py to visualization.cpython-310.pyc
byte-compiling /home/ivan/p2_kl_ilv/install/p2_kf_ilv/lib/python3.10/site-packages/p2_kf_ilv/observation_models.py to observation_models.cpython-310.pyc
running install_data
creating /home/ivan/p2_kl_ilv/install/p2_kf_ilv/share/ament_index
creating /home/ivan/p2_kl_ilv/install/p2_kf_ilv/share/ament_index/resource_index
creating /home/ivan/p2_kl_ilv/install/p2_kf_ilv/share/ament_index/resource_index/packages
copying resource/p2_kf_ilv -> /home/ivan/p2_kl_ilv/install/p2_kf_ilv/share/ament_index/resource_index/packages
copying package.xml -> /home/ivan/p2_kl_ilv/install/p2_kf_ilv/share/p2_kf_ilv
running install_egg_info
Copying build/p2_kf_ilv/p2_kf_ilv.egg-info to /home/ivan/p2_kl_ilv/install/p2_kf_ilv/lib/python3.10/site-packages/p2_kf_ilv-0.0.0-py3.10.egg-info
running install_scripts
Installing kf_estimation script to /home/ivan/p2_kl_ilv/install/p2_kf_ilv/lib/p2_kf_ilv
Installing kf_estimation_vel script to /home/ivan/p2_kl_ilv/install/p2_kf_ilv/lib/p2_kf_ilv
writing list of installed files to '/home/ivan/p2_kl_ilv/build/p2_kf_ilv/install.log'
